SF:lib\main.dart
DA:6,0
DA:10,2
DA:11,1
DA:12,1
DA:13,1
DA:14,1
DA:15,1
DA:16,1
DA:17,1
DA:18,1
DA:19,1
DA:20,1
DA:21,1
DA:24,0
DA:26,1
DA:28,1
DA:30,1
DA:40,1
DA:42,1
LF:19
LH:17
end_of_record
SF:lib\views\BookView.dart
DA:4,1
DA:10,1
DA:11,3
DA:15,1
DA:20,2
DA:21,1
DA:22,1
DA:23,1
DA:24,1
DA:25,1
DA:26,1
DA:27,1
DA:28,1
DA:29,1
DA:30,1
DA:31,1
DA:34,0
DA:36,1
DA:38,1
DA:39,1
DA:42,1
DA:44,1
DA:45,1
DA:46,3
DA:47,0
DA:48,0
DA:49,0
DA:50,0
DA:53,0
DA:54,0
DA:59,1
DA:60,6
DA:61,1
DA:62,0
DA:63,0
DA:64,0
DA:65,0
DA:68,0
DA:69,0
DA:74,1
DA:75,5
DA:76,1
DA:77,0
DA:78,0
DA:79,0
DA:80,0
DA:83,0
DA:84,0
DA:90,1
DA:91,1
DA:92,1
DA:93,0
DA:94,1
DA:100,0
DA:101,0
DA:103,0
DA:104,0
DA:107,0
DA:114,0
DA:117,0
DA:125,0
DA:128,0
DA:129,0
DA:130,0
DA:131,0
DA:132,0
DA:133,0
DA:134,0
DA:135,0
DA:136,0
DA:140,0
DA:144,1
DA:145,4
DA:146,4
DA:148,3
DA:149,3
DA:152,1
DA:153,1
DA:155,1
DA:156,0
DA:159,0
DA:166,2
DA:169,0
DA:177,1
DA:180,1
DA:181,1
DA:182,1
DA:183,1
DA:184,1
DA:185,1
DA:186,1
DA:187,1
DA:188,1
DA:192,1
LF:94
LH:53
end_of_record
SF:lib\views\BookshelView.dart
DA:5,0
DA:9,0
DA:10,0
DA:15,0
DA:17,0
DA:19,0
DA:20,0
DA:21,0
DA:23,0
DA:24,0
DA:25,0
DA:26,0
DA:27,0
DA:28,0
DA:29,0
DA:30,0
DA:33,0
LF:17
LH:0
end_of_record
SF:lib\views\BookshelfView.dart
DA:5,1
DA:9,1
DA:10,1
DA:15,0
DA:16,0
DA:17,0
DA:18,0
DA:20,0
DA:22,0
DA:24,1
DA:26,1
DA:27,1
DA:28,3
DA:31,1
DA:32,1
DA:33,1
DA:34,0
DA:35,1
DA:41,1
DA:42,1
DA:43,1
DA:45,1
DA:46,1
DA:47,2
DA:48,7
DA:49,1
DA:50,1
DA:51,2
DA:52,2
DA:53,1
DA:56,1
DA:57,2
DA:58,2
DA:61,1
DA:62,2
DA:63,2
DA:71,1
DA:72,1
DA:73,1
DA:75,1
DA:76,1
DA:77,2
DA:78,1
DA:85,1
DA:86,2
DA:87,3
DA:88,0
DA:90,1
DA:91,1
DA:94,1
DA:95,3
DA:96,3
DA:97,3
DA:102,0
DA:103,0
DA:104,0
DA:105,0
DA:106,0
DA:111,1
DA:113,1
DA:114,1
DA:117,1
DA:118,1
DA:119,1
DA:120,1
DA:124,0
DA:125,0
DA:126,0
DA:127,0
DA:128,0
DA:133,0
DA:134,0
DA:135,0
DA:136,0
DA:137,0
DA:138,0
DA:139,0
DA:140,0
DA:141,0
DA:142,0
DA:143,0
DA:144,0
DA:145,0
DA:146,0
DA:148,0
DA:149,0
DA:150,0
DA:151,0
DA:152,0
DA:155,0
DA:156,0
DA:157,0
DA:159,0
DA:160,0
DA:161,0
DA:162,0
DA:169,0
DA:170,0
DA:171,0
DA:172,0
DA:173,0
DA:178,1
DA:179,1
DA:180,1
DA:181,1
DA:182,1
DA:183,1
DA:184,1
DA:185,1
DA:186,1
DA:187,1
DA:188,1
DA:189,1
DA:192,1
DA:193,1
DA:194,1
DA:196,1
DA:197,1
DA:198,2
DA:199,1
DA:206,1
DA:207,1
DA:208,1
DA:209,1
DA:210,1
DA:216,1
DA:217,5
DA:218,5
DA:220,4
DA:221,4
LF:130
LH:81
end_of_record
