SF:lib\main.dart
DA:5,0
DA:9,1
DA:11,1
DA:13,1
DA:25,1
LF:5
LH:4
end_of_record
SF:lib\views\BookView.dart
DA:4,0
DA:10,0
DA:11,0
DA:15,0
DA:20,0
DA:22,0
DA:23,0
DA:26,0
DA:27,0
DA:29,0
DA:30,0
DA:31,0
DA:32,0
DA:33,0
DA:34,0
DA:35,0
DA:38,0
DA:39,0
DA:44,0
DA:45,0
DA:47,0
DA:48,0
DA:49,0
DA:50,0
DA:53,0
DA:54,0
DA:59,0
DA:60,0
DA:62,0
DA:63,0
DA:64,0
DA:65,0
DA:68,0
DA:69,0
DA:75,0
DA:76,0
DA:77,0
DA:78,0
DA:79,0
DA:85,0
DA:87,0
DA:88,0
DA:91,0
DA:98,0
DA:101,0
DA:109,0
DA:110,0
DA:119,0
DA:121,0
DA:122,0
DA:125,0
DA:132,0
DA:135,0
DA:143,0
DA:144,0
LF:55
LH:0
end_of_record
SF:lib\views\BookshelView.dart
DA:5,1
DA:9,1
DA:10,1
DA:15,0
DA:17,1
DA:19,1
DA:20,1
DA:21,3
DA:23,1
DA:24,1
DA:25,2
DA:26,1
DA:27,0
DA:28,0
DA:29,0
DA:30,0
DA:33,1
LF:17
LH:12
end_of_record
